"E:/VersionControl/GitHub/UMS_Project/UMS_Project/Content/NewPhysicalMaterial.uasset" 0
"../../../Engine/Content/BasicShapes/BasicShapeMaterial.uasset" 1
"../../../Engine/Content/Functions/Engine_MaterialFunctions01/Opacity/CameraDepthFade.uasset" 2
"../../../Engine/Content/EngineMaterials/T_Default_Material_Grid_M.uasset" 3
"../../../Engine/Content/EngineMaterials/T_Default_Material_Grid_N.uasset" 4
"../../../Engine/Content/EngineMaterials/DefaultMaterial.uasset" 5
"../../../Engine/Content/BasicShapes/Sphere.uasset" 6
"E:/VersionControl/GitHub/UMS_Project/UMS_Project/Content/Blueprints/Sword.uasset" 7
"E:/VersionControl/GitHub/UMS_Project/UMS_Project/Content/Blueprints/Weapon.uasset" 8
"E:/VersionControl/GitHub/UMS_Project/UMS_Project/Content/Blueprints/Saving/SavePoint.uasset" 9
"E:/VersionControl/GitHub/UMS_Project/UMS_Project/Content/Models/Materials/Meshes/UE4_Mannequin_Skeleton.uasset" 10
"E:/VersionControl/GitHub/UMS_Project/UMS_Project/Content/Models/Animations/ThirdPersonJump_End.uasset" 11
"E:/VersionControl/GitHub/UMS_Project/UMS_Project/Content/Models/Animations/ThirdPerson_Jump.uasset" 12
"E:/VersionControl/GitHub/UMS_Project/UMS_Project/Content/Models/Animations/ThirdPersonJump_Loop.uasset" 13
"E:/VersionControl/GitHub/UMS_Project/UMS_Project/Content/Models/Animations/ThirdPersonJump_Start.uasset" 14
"E:/VersionControl/GitHub/UMS_Project/UMS_Project/Content/Models/Animations/ThirdPersonIdle.uasset" 15
"E:/VersionControl/GitHub/UMS_Project/UMS_Project/Content/Models/Animations/ThirdPersonRun.uasset" 16
"E:/VersionControl/GitHub/UMS_Project/UMS_Project/Content/Models/Animations/ThirdPersonWalk.uasset" 17
"E:/VersionControl/GitHub/UMS_Project/UMS_Project/Content/Models/Animations/ThirdPerson_IdleRun_2D.uasset" 18
"../../../Engine/Content/EditorBlueprintResources/StandardMacros.uasset" 19
"E:/VersionControl/GitHub/UMS_Project/UMS_Project/Content/Models/Animations/ThirdPerson_AnimBP.uasset" 20
"E:/VersionControl/GitHub/UMS_Project/UMS_Project/Content/Models/Blender/Emission.uasset" 21
"E:/VersionControl/GitHub/UMS_Project/UMS_Project/Content/Models/Blender/Gems.uasset" 22
"E:/VersionControl/GitHub/UMS_Project/UMS_Project/Content/Models/Blender/Hilt3.uasset" 23
"E:/VersionControl/GitHub/UMS_Project/UMS_Project/Content/Models/Blender/Material.uasset" 24
"E:/VersionControl/GitHub/UMS_Project/UMS_Project/Content/Models/Blender/Sword.uasset" 25
"E:/VersionControl/GitHub/UMS_Project/UMS_Project/Content/Models/MakeHuman/eyebrow004.uasset" 26
"E:/VersionControl/GitHub/UMS_Project/UMS_Project/Content/Models/MakeHuman/eyebrow003.uasset" 27
"E:/VersionControl/GitHub/UMS_Project/UMS_Project/Content/Models/MakeHuman/brown_eye.uasset" 28
"E:/VersionControl/GitHub/UMS_Project/UMS_Project/Content/Models/MakeHuman/low-poly.uasset" 29
"E:/VersionControl/GitHub/UMS_Project/UMS_Project/Content/Models/MakeHuman/male_casualsuit01_diffuse.uasset" 30
"E:/VersionControl/GitHub/UMS_Project/UMS_Project/Content/Models/MakeHuman/male_casualsuit01_normal.uasset" 31
"E:/VersionControl/GitHub/UMS_Project/UMS_Project/Content/Models/MakeHuman/male_casualsuit01.uasset" 32
"E:/VersionControl/GitHub/UMS_Project/UMS_Project/Content/Models/MakeHuman/old_lightskinned_male_diffuse2.uasset" 33
"E:/VersionControl/GitHub/UMS_Project/UMS_Project/Content/Models/MakeHuman/male_muscle_13290.uasset" 34
"E:/VersionControl/GitHub/UMS_Project/UMS_Project/Content/Models/MakeHuman/shoes01_diffuse.uasset" 35
"E:/VersionControl/GitHub/UMS_Project/UMS_Project/Content/Models/MakeHuman/shoes01_normal.uasset" 36
"E:/VersionControl/GitHub/UMS_Project/UMS_Project/Content/Models/MakeHuman/shoes01.uasset" 37
"E:/VersionControl/GitHub/UMS_Project/UMS_Project/Content/Models/MakeHuman/short01_diffuse.uasset" 38
"E:/VersionControl/GitHub/UMS_Project/UMS_Project/Content/Models/MakeHuman/short01.uasset" 39
"E:/VersionControl/GitHub/UMS_Project/UMS_Project/Content/Models/MakeHuman/Placeholder_PhysicsAsset.uasset" 40
"../../../Engine/Content/EngineMeshes/Humanoid.uasset" 41
"E:/VersionControl/GitHub/UMS_Project/UMS_Project/Content/Models/MakeHuman/Placeholder_Skeleton.uasset" 42
"E:/VersionControl/GitHub/UMS_Project/UMS_Project/Content/Models/MakeHuman/Placeholder.uasset" 43
"E:/VersionControl/GitHub/UMS_Project/UMS_Project/Content/Models/Materials/Mask.uasset" 44
"E:/VersionControl/GitHub/UMS_Project/UMS_Project/Content/Models/Materials/NewMaterial.uasset" 45
"E:/VersionControl/GitHub/UMS_Project/UMS_Project/Content/StarterMaterials/Textures/T_Brick2height.uasset" 46
"E:/VersionControl/GitHub/UMS_Project/UMS_Project/Content/Models/Materials/wall.uasset" 47
"E:/VersionControl/GitHub/UMS_Project/UMS_Project/Content/Models/Materials/colors/Green.uasset" 48
"E:/VersionControl/GitHub/UMS_Project/UMS_Project/Content/Models/Materials/colors/red.uasset" 49
"E:/VersionControl/GitHub/UMS_Project/UMS_Project/Content/Models/Materials/colors/White.uasset" 50
"../../../Engine/Content/Functions/Engine_MaterialFunctions02/Utility/BlendAngleCorrectedNormals.uasset" 51
"../../../Engine/Content/Functions/MaterialLayerFunctions/MatLayerBlend_NormalBlend.uasset" 52
"../../../Engine/Content/Functions/MaterialLayerFunctions/MatLayerBlend_Simple.uasset" 53
"E:/VersionControl/GitHub/UMS_Project/UMS_Project/Content/Models/Materials/MaterialLayers/T_ML_Rubber_Blue_01_D.uasset" 54
"E:/VersionControl/GitHub/UMS_Project/UMS_Project/Content/Models/Materials/MaterialLayers/T_ML_Rubber_Blue_01_N.uasset" 55
"E:/VersionControl/GitHub/UMS_Project/UMS_Project/Content/Models/Materials/MaterialLayers/ML_GlossyBlack_Latex_UE4.uasset" 56
"E:/VersionControl/GitHub/UMS_Project/UMS_Project/Content/Models/Materials/MaterialLayers/ML_Plastic_Shiny_Beige.uasset" 57
"E:/VersionControl/GitHub/UMS_Project/UMS_Project/Content/Models/Materials/Textures/UE4_LOGO_CARD.uasset" 58
"E:/VersionControl/GitHub/UMS_Project/UMS_Project/Content/Models/Materials/MaterialLayers/ML_Plastic_Shiny_Beige_LOGO.uasset" 59
"E:/VersionControl/GitHub/UMS_Project/UMS_Project/Content/Models/Materials/MaterialLayers/T_ML_Aluminum01.uasset" 60
"E:/VersionControl/GitHub/UMS_Project/UMS_Project/Content/Models/Materials/MaterialLayers/T_ML_Aluminum01_N.uasset" 61
"E:/VersionControl/GitHub/UMS_Project/UMS_Project/Content/Models/Materials/MaterialLayers/ML_SoftMetal_UE4.uasset" 62
"E:/VersionControl/GitHub/UMS_Project/UMS_Project/Content/Models/Materials/Textures/UE4_Mannequin__normals.uasset" 63
"E:/VersionControl/GitHub/UMS_Project/UMS_Project/Content/Models/Materials/Textures/UE4_Mannequin_MAT_MASKA.uasset" 64
"E:/VersionControl/GitHub/UMS_Project/UMS_Project/Content/Models/Materials/M_UE4Man_Body.uasset" 65
"E:/VersionControl/GitHub/UMS_Project/UMS_Project/Content/Models/Materials/Textures/UE4Man_Logo_N.uasset" 66
"E:/VersionControl/GitHub/UMS_Project/UMS_Project/Content/Models/Materials/M_UE4Man_ChestLogo.uasset" 67
"E:/VersionControl/GitHub/UMS_Project/UMS_Project/Content/Models/Materials/Meshes/SK_Mannequin_PhysicsAsset.uasset" 68
"E:/VersionControl/GitHub/UMS_Project/UMS_Project/Content/Models/Materials/Meshes/SK_Mannequin.uasset" 69
"E:/VersionControl/GitHub/UMS_Project/UMS_Project/Content/Models/Materials/MSPresets/MSTextures/AO.uasset" 70
"E:/VersionControl/GitHub/UMS_Project/UMS_Project/Content/Models/Materials/MSPresets/MSTextures/Displacement.uasset" 71
"E:/VersionControl/GitHub/UMS_Project/UMS_Project/Content/Models/Materials/MSPresets/MSTextures/Metalness.uasset" 72
"E:/VersionControl/GitHub/UMS_Project/UMS_Project/Content/Models/Materials/MSPresets/MSTextures/noise_mask.uasset" 73
"E:/VersionControl/GitHub/UMS_Project/UMS_Project/Content/Models/Materials/MSPresets/MSTextures/noise_normal.uasset" 74
"../../../Engine/Content/Functions/Engine_MaterialFunctions02/Utility/BreakOutFloat3Components.uasset" 75
"../../../Engine/Content/Functions/Engine_MaterialFunctions02/Utility/MakeFloat3.uasset" 76
"../../../Engine/Content/Functions/Engine_MaterialFunctions02/Utility/Sign.uasset" 77
"../../../Engine/Content/Functions/Engine_MaterialFunctions02/Utility/Round.uasset" 78
"../../../Engine/Content/Functions/Engine_MaterialFunctions02/Utility/VectorLength.uasset" 79
"../../../Engine/Content/Functions/Engine_MaterialFunctions02/WorldPositionOffset/ObjectScale.uasset" 80
"E:/VersionControl/GitHub/UMS_Project/UMS_Project/Content/SuperGrid/StarterPack/Materials/Functions/Basic/BreakSet.uasset" 81
"E:/VersionControl/GitHub/UMS_Project/UMS_Project/Content/SuperGrid/StarterPack/Materials/Functions/Basic/MakeSet.uasset" 82
"E:/VersionControl/GitHub/UMS_Project/UMS_Project/Content/SuperGrid/StarterPack/Materials/Functions/Basic/Roughness.uasset" 83
"E:/VersionControl/GitHub/UMS_Project/UMS_Project/Content/SuperGrid/StarterPack/Materials/Functions/Texture/Dye_MultiColor.uasset" 84
"E:/VersionControl/GitHub/UMS_Project/UMS_Project/Content/SuperGrid/StarterPack/Source/Textures/T_BasicGrid_M.uasset" 85
"E:/VersionControl/GitHub/UMS_Project/UMS_Project/Content/SuperGrid/StarterPack/Materials/Functions/Texture/Tex_SimpleGrid.uasset" 86
"E:/VersionControl/GitHub/UMS_Project/UMS_Project/Content/SuperGrid/StarterPack/Materials/Functions/UV/UV_ObjectScalable.uasset" 87
"E:/VersionControl/GitHub/UMS_Project/UMS_Project/Content/SuperGrid/StarterPack/Materials/Functions/UV/UV_SetupGrid.uasset" 88
"E:/VersionControl/GitHub/UMS_Project/UMS_Project/Content/SuperGrid/StarterPack/Source/Textures/T_BasicGrid_N.uasset" 89
"E:/VersionControl/GitHub/UMS_Project/UMS_Project/Content/Models/Materials/SuperGrid/StarterPack/Materials/Base/M_SuperGrid_MultiColor.uasset" 90
"E:/VersionControl/GitHub/UMS_Project/UMS_Project/Content/SuperGrid/StarterPack/Materials/Functions/Texture/Dye_SingleColor.uasset" 91
"E:/VersionControl/GitHub/UMS_Project/UMS_Project/Content/Models/Materials/SuperGrid/StarterPack/Materials/Base/M_SuperGrid_SingleColor.uasset" 92
"E:/VersionControl/GitHub/UMS_Project/UMS_Project/Content/Models/Materials/SuperGrid/StarterPack/Materials/Functions/Basic/BreakSet.uasset" 93
"E:/VersionControl/GitHub/UMS_Project/UMS_Project/Content/Models/Materials/SuperGrid/StarterPack/Materials/Functions/Basic/MakeSet.uasset" 94
"E:/VersionControl/GitHub/UMS_Project/UMS_Project/Content/Models/Materials/SuperGrid/StarterPack/Materials/Functions/Basic/Roughness.uasset" 95
"E:/VersionControl/GitHub/UMS_Project/UMS_Project/Content/Models/Materials/SuperGrid/StarterPack/Materials/Functions/Texture/Dye_MultiColor.uasset" 96
"E:/VersionControl/GitHub/UMS_Project/UMS_Project/Content/Models/Materials/SuperGrid/StarterPack/Materials/Functions/Texture/Dye_SingleColor.uasset" 97
"E:/VersionControl/GitHub/UMS_Project/UMS_Project/Content/Models/Materials/SuperGrid/StarterPack/Materials/Functions/Texture/Tex_SimpleGrid.uasset" 98
"E:/VersionControl/GitHub/UMS_Project/UMS_Project/Content/Models/Materials/SuperGrid/StarterPack/Materials/Functions/UV/UV_ObjectScalable.uasset" 99
"E:/VersionControl/GitHub/UMS_Project/UMS_Project/Content/Models/Materials/SuperGrid/StarterPack/Materials/Functions/UV/UV_SetupGrid.uasset" 100
"E:/VersionControl/GitHub/UMS_Project/UMS_Project/Content/SuperGrid/StarterPack/Materials/Base/M_SuperGrid_SingleColor.uasset" 101
"E:/VersionControl/GitHub/UMS_Project/UMS_Project/Content/SuperGrid/StarterPack/Source/Textures/T_ModernGrid_M.uasset" 102
"E:/VersionControl/GitHub/UMS_Project/UMS_Project/Content/SuperGrid/StarterPack/Source/Textures/T_ModernGrid_N.uasset" 103
"E:/VersionControl/GitHub/UMS_Project/UMS_Project/Content/Models/Materials/SuperGrid/StarterPack/Materials/Palette/Grids/M_SuperGrid_BlackSheet.uasset" 104
"E:/VersionControl/GitHub/UMS_Project/UMS_Project/Content/SuperGrid/StarterPack/Source/Textures/T_StoneGrid_N.uasset" 105
"E:/VersionControl/GitHub/UMS_Project/UMS_Project/Content/Models/Materials/SuperGrid/StarterPack/Materials/Palette/Grids/M_SuperGrid_Chess.uasset" 106
"E:/VersionControl/GitHub/UMS_Project/UMS_Project/Content/SuperGrid/StarterPack/Materials/Base/M_SuperGrid_MultiColor.uasset" 107
"E:/VersionControl/GitHub/UMS_Project/UMS_Project/Content/Models/Materials/SuperGrid/StarterPack/Materials/Palette/Grids/M_SuperGrid_DangerZone.uasset" 108
"E:/VersionControl/GitHub/UMS_Project/UMS_Project/Content/Models/Materials/SuperGrid/StarterPack/Materials/Palette/Grids/M_SuperGrid_Default.uasset" 109
"E:/VersionControl/GitHub/UMS_Project/UMS_Project/Content/Models/Materials/SuperGrid/StarterPack/Materials/Palette/Grids/M_SuperGrid_DefaultBlack.uasset" 110
"E:/VersionControl/GitHub/UMS_Project/UMS_Project/Content/Models/Materials/SuperGrid/StarterPack/Materials/Palette/Grids/M_SuperGrid_DoubleColor.uasset" 111
"E:/VersionControl/GitHub/UMS_Project/UMS_Project/Content/SuperGrid/StarterPack/Source/Textures/T_BasicGridW_M.uasset" 112
"E:/VersionControl/GitHub/UMS_Project/UMS_Project/Content/Models/Materials/SuperGrid/StarterPack/Materials/Palette/Grids/M_SuperGrid_Walkable.uasset" 113
"E:/VersionControl/GitHub/UMS_Project/UMS_Project/Content/Models/Materials/SuperGrid/StarterPack/Materials/Palette/Grids/M_SuperGrid_White.uasset" 114
"E:/VersionControl/GitHub/UMS_Project/UMS_Project/Content/Models/Materials/SuperGrid/StarterPack/Source/Textures/T_BasicGridW_M.uasset" 115
"E:/VersionControl/GitHub/UMS_Project/UMS_Project/Content/Models/Materials/SuperGrid/StarterPack/Source/Textures/T_BasicGrid_M.uasset" 116
"E:/VersionControl/GitHub/UMS_Project/UMS_Project/Content/Models/Materials/SuperGrid/StarterPack/Source/Textures/T_BasicGrid_N.uasset" 117
"E:/VersionControl/GitHub/UMS_Project/UMS_Project/Content/Models/Materials/SuperGrid/StarterPack/Source/Textures/T_ModernGrid_M.uasset" 118
"E:/VersionControl/GitHub/UMS_Project/UMS_Project/Content/Models/Materials/SuperGrid/StarterPack/Source/Textures/T_ModernGrid_N.uasset" 119
"E:/VersionControl/GitHub/UMS_Project/UMS_Project/Content/Models/Materials/SuperGrid/StarterPack/Source/Textures/T_StoneGrid_N.uasset" 120
"E:/VersionControl/GitHub/UMS_Project/UMS_Project/Content/Models/Megascans/3D_Assets/Red_Crayon_00/ue4icjnjw_4K_Albedo.uasset" 121
"E:/VersionControl/GitHub/UMS_Project/UMS_Project/Content/Models/Megascans/3D_Assets/Red_Crayon_00/ue4icjnjw_4K_Albedo_Mat.uasset" 122
"E:/VersionControl/GitHub/UMS_Project/UMS_Project/Content/Models/Megascans/3D_Assets/Red_Crayon_00/ue4icjnjw_4K_AO.uasset" 123
"E:/VersionControl/GitHub/UMS_Project/UMS_Project/Content/Models/Megascans/3D_Assets/Red_Crayon_00/ue4icjnjw_4K_AO_Mat.uasset" 124
"E:/VersionControl/GitHub/UMS_Project/UMS_Project/Content/Models/Megascans/3D_Assets/Red_Crayon_00/ue4icjnjw_4K_Displacement.uasset" 125
"E:/VersionControl/GitHub/UMS_Project/UMS_Project/Content/Models/Megascans/3D_Assets/Red_Crayon_00/ue4icjnjw_4K_Displacement_Mat.uasset" 126
"E:/VersionControl/GitHub/UMS_Project/UMS_Project/Content/Models/Megascans/3D_Assets/Red_Crayon_00/ue4icjnjw_4K_Normal_LOD0.uasset" 127
"E:/VersionControl/GitHub/UMS_Project/UMS_Project/Content/Models/Megascans/3D_Assets/Red_Crayon_00/ue4icjnjw_4K_Normal_LOD0_Mat.uasset" 128
"E:/VersionControl/GitHub/UMS_Project/UMS_Project/Content/Models/Megascans/3D_Assets/Red_Crayon_00/ue4icjnjw_4K_Roughness.uasset" 129
"E:/VersionControl/GitHub/UMS_Project/UMS_Project/Content/Models/Megascans/3D_Assets/Red_Crayon_00/ue4icjnjw_4K_Roughness_Mat.uasset" 130
"../../../Engine/Content/Functions/Engine_MaterialFunctions01/SpeedTree/SpeedTreeColorVariation.uasset" 131
"../../../Engine/Content/Functions/Engine_MaterialFunctions02/Utility/MakeFloat2.uasset" 132
"../../../Engine/Content/EngineMaterials/DefaultDiffuse.uasset" 133
"E:/VersionControl/GitHub/UMS_Project/UMS_Project/Content/Models/Materials/MSPresets/Imperfection_MasterMaterial/Imperfection_MasterMaterial.uasset" 134
"E:/VersionControl/GitHub/UMS_Project/UMS_Project/Content/Models/Megascans/Surfaces/Fingerprints_00/sl4fadnc_4K_Roughness.uasset" 135
"E:/VersionControl/GitHub/UMS_Project/UMS_Project/Content/Models/Megascans/Surfaces/Fingerprints_00/Fingerprints_00_inst.uasset" 136
"E:/VersionControl/GitHub/UMS_Project/UMS_Project/Content/Models/Megascans/Surfaces/Steel_00/se2abbvc_8K_Displacement.uasset" 137
"../../../Engine/Content/Functions/Engine_MaterialFunctions01/Texturing/FlattenNormal.uasset" 138
"../../../Engine/Content/EngineMaterials/BlendFunc_DefBase.uasset" 139
"../../../Engine/Content/EngineMaterials/BlendFunc_DefBlend.uasset" 140
"../../../Engine/Content/Functions/Engine_MaterialFunctions03/Blends/Blend_Overlay.uasset" 141
"../../../Engine/Content/EngineVolumetrics/Fogsheet/Materials/T_EV_BlankWhite_01.uasset" 142
"E:/VersionControl/GitHub/UMS_Project/UMS_Project/Content/Models/Materials/MSPresets/MSTextures/Albedo.uasset" 143
"E:/VersionControl/GitHub/UMS_Project/UMS_Project/Content/Models/Materials/MSPresets/MSTextures/Normal.uasset" 144
"E:/VersionControl/GitHub/UMS_Project/UMS_Project/Content/Models/Materials/MSPresets/MSTextures/Roughness.uasset" 145
"E:/VersionControl/GitHub/UMS_Project/UMS_Project/Content/Models/Materials/MSPresets/MS_DefaultMaterial/MS_DefaultMaterial.uasset" 146
"E:/VersionControl/GitHub/UMS_Project/UMS_Project/Content/Models/Megascans/Surfaces/Steel_00/se2abbvc_8K_Albedo.uasset" 147
"E:/VersionControl/GitHub/UMS_Project/UMS_Project/Content/Models/Megascans/Surfaces/Steel_00/se2abbvc_8K_Metalness.uasset" 148
"E:/VersionControl/GitHub/UMS_Project/UMS_Project/Content/Models/Megascans/Surfaces/Steel_00/se2abbvc_8K_Normal.uasset" 149
"E:/VersionControl/GitHub/UMS_Project/UMS_Project/Content/Models/Megascans/Surfaces/Steel_00/se2abbvc_8K_Roughness.uasset" 150
"E:/VersionControl/GitHub/UMS_Project/UMS_Project/Content/Models/Megascans/Surfaces/Steel_00/Steel_00_inst.uasset" 151
"E:/VersionControl/GitHub/UMS_Project/UMS_Project/Content/Models/Sprites/Alien__with_gun_.uasset" 152
"E:/VersionControl/GitHub/UMS_Project/UMS_Project/Content/Models/Sprites/knight_iso_char.uasset" 153
"E:/VersionControl/GitHub/UMS_Project/UMS_Project/Content/Models/Sprites/knight_iso_char_Sprite_1.uasset" 154
"E:/VersionControl/GitHub/UMS_Project/UMS_Project/Content/Models/Sprites/knight_iso_char_Sprite_13.uasset" 155
"E:/VersionControl/GitHub/UMS_Project/UMS_Project/Content/Models/Sprites/knight_iso_char_Sprite_14.uasset" 156
"E:/VersionControl/GitHub/UMS_Project/UMS_Project/Content/Models/Sprites/knight_iso_char_Sprite_16.uasset" 157
"E:/VersionControl/GitHub/UMS_Project/UMS_Project/Content/Models/Sprites/knight_iso_char_Sprite_2.uasset" 158
"E:/VersionControl/GitHub/UMS_Project/UMS_Project/Content/Models/Sprites/knight_iso_char_Sprite_23.uasset" 159
"E:/VersionControl/GitHub/UMS_Project/UMS_Project/Content/Models/Sprites/knight_iso_char_Sprite_25.uasset" 160
"E:/VersionControl/GitHub/UMS_Project/UMS_Project/Content/Models/Sprites/knight_iso_char_Sprite_28.uasset" 161
"E:/VersionControl/GitHub/UMS_Project/UMS_Project/Content/Models/Sprites/knight_iso_char_Sprite_29.uasset" 162
"E:/VersionControl/GitHub/UMS_Project/UMS_Project/Content/Models/Sprites/knight_iso_char_Sprite_3.uasset" 163
"E:/VersionControl/GitHub/UMS_Project/UMS_Project/Content/Models/Sprites/knight_iso_char_Sprite_30.uasset" 164
"E:/VersionControl/GitHub/UMS_Project/UMS_Project/Content/Models/Sprites/knight_iso_char_Sprite_32.uasset" 165
"E:/VersionControl/GitHub/UMS_Project/UMS_Project/Content/Models/Sprites/knight_iso_char_Sprite_33.uasset" 166
"E:/VersionControl/GitHub/UMS_Project/UMS_Project/Content/Models/Sprites/knight_iso_char_Sprite_34.uasset" 167
"E:/VersionControl/GitHub/UMS_Project/UMS_Project/Content/Models/Sprites/knight_iso_char_Sprite_35.uasset" 168
"E:/VersionControl/GitHub/UMS_Project/UMS_Project/Content/Models/Sprites/knight_iso_char_Sprite_36.uasset" 169
"E:/VersionControl/GitHub/UMS_Project/UMS_Project/Content/Models/Sprites/knight_iso_char_Sprite_37.uasset" 170
"E:/VersionControl/GitHub/UMS_Project/UMS_Project/Content/Models/Sprites/knight_iso_char_Sprite_38.uasset" 171
"E:/VersionControl/GitHub/UMS_Project/UMS_Project/Content/Models/Sprites/knight_iso_char_Sprite_39.uasset" 172
"E:/VersionControl/GitHub/UMS_Project/UMS_Project/Content/Models/Sprites/knight_iso_char_Sprite_9.uasset" 173
"E:/VersionControl/GitHub/UMS_Project/UMS_Project/Content/StarterContent/Mannequin/Character/Mesh/UE4_Mannequin_Skeleton.uasset" 174
"E:/VersionControl/GitHub/UMS_Project/UMS_Project/Content/StarterContent/Mannequin/Animations/ThirdPersonJump_End.uasset" 175
"E:/VersionControl/GitHub/UMS_Project/UMS_Project/Content/StarterContent/Mannequin/Animations/ThirdPerson_Jump.uasset" 176
"E:/VersionControl/GitHub/UMS_Project/UMS_Project/Content/StarterContent/Mannequin/Animations/ThirdPersonJump_Loop.uasset" 177
"E:/VersionControl/GitHub/UMS_Project/UMS_Project/Content/StarterContent/Mannequin/Animations/ThirdPersonJump_Start.uasset" 178
"E:/VersionControl/GitHub/UMS_Project/UMS_Project/Content/StarterContent/Mannequin/Animations/ThirdPersonIdle.uasset" 179
"E:/VersionControl/GitHub/UMS_Project/UMS_Project/Content/StarterContent/Mannequin/Animations/ThirdPersonRun.uasset" 180
"E:/VersionControl/GitHub/UMS_Project/UMS_Project/Content/StarterContent/Mannequin/Animations/ThirdPersonWalk.uasset" 181
"E:/VersionControl/GitHub/UMS_Project/UMS_Project/Content/StarterContent/Mannequin/Animations/ThirdPerson_IdleRun_2D.uasset" 182
"E:/VersionControl/GitHub/UMS_Project/UMS_Project/Content/StarterContent/Mannequin/Animations/ThirdPerson_AnimBP.uasset" 183
"E:/VersionControl/GitHub/UMS_Project/UMS_Project/Content/StarterContent/Mannequin/Character/Materials/MaterialLayers/T_ML_Rubber_Blue_01_D.uasset" 184
"E:/VersionControl/GitHub/UMS_Project/UMS_Project/Content/StarterContent/Mannequin/Character/Materials/MaterialLayers/T_ML_Rubber_Blue_01_N.uasset" 185
"E:/VersionControl/GitHub/UMS_Project/UMS_Project/Content/StarterContent/Mannequin/Character/Materials/MaterialLayers/ML_GlossyBlack_Latex_UE4.uasset" 186
"E:/VersionControl/GitHub/UMS_Project/UMS_Project/Content/StarterContent/Mannequin/Character/Materials/MaterialLayers/ML_Plastic_Shiny_Beige.uasset" 187
"E:/VersionControl/GitHub/UMS_Project/UMS_Project/Content/StarterContent/Mannequin/Character/Textures/UE4_LOGO_CARD.uasset" 188
"E:/VersionControl/GitHub/UMS_Project/UMS_Project/Content/StarterContent/Mannequin/Character/Materials/MaterialLayers/ML_Plastic_Shiny_Beige_LOGO.uasset" 189
"E:/VersionControl/GitHub/UMS_Project/UMS_Project/Content/StarterContent/Mannequin/Character/Materials/MaterialLayers/T_ML_Aluminum01.uasset" 190
"E:/VersionControl/GitHub/UMS_Project/UMS_Project/Content/StarterContent/Mannequin/Character/Materials/MaterialLayers/T_ML_Aluminum01_N.uasset" 191
"E:/VersionControl/GitHub/UMS_Project/UMS_Project/Content/StarterContent/Mannequin/Character/Materials/MaterialLayers/ML_SoftMetal_UE4.uasset" 192
"E:/VersionControl/GitHub/UMS_Project/UMS_Project/Content/StarterContent/Mannequin/Character/Textures/UE4_Mannequin__normals.uasset" 193
"E:/VersionControl/GitHub/UMS_Project/UMS_Project/Content/StarterContent/Mannequin/Character/Textures/UE4_Mannequin_MAT_MASKA.uasset" 194
"E:/VersionControl/GitHub/UMS_Project/UMS_Project/Content/StarterContent/Mannequin/Character/Materials/M_UE4Man_Body.uasset" 195
"E:/VersionControl/GitHub/UMS_Project/UMS_Project/Content/StarterContent/Mannequin/Character/Textures/UE4Man_Logo_N.uasset" 196
"E:/VersionControl/GitHub/UMS_Project/UMS_Project/Content/StarterContent/Mannequin/Character/Materials/M_UE4Man_ChestLogo.uasset" 197
"E:/VersionControl/GitHub/UMS_Project/UMS_Project/Content/StarterContent/Mannequin/Character/Mesh/SK_Mannequin_PhysicsAsset.uasset" 198
"E:/VersionControl/GitHub/UMS_Project/UMS_Project/Content/StarterContent/Mannequin/Character/Mesh/SK_Mannequin.uasset" 199
"E:/VersionControl/GitHub/UMS_Project/UMS_Project/Content/StarterContent/ThirdPersonBP/ThirdPersonOverview.uasset" 200
"E:/VersionControl/GitHub/UMS_Project/UMS_Project/Content/Blueprints/Saving/SaveGameObject.uasset" 201
"E:/VersionControl/GitHub/UMS_Project/UMS_Project/Content/Blueprints/Saving/OptionsSave.uasset" 202
"E:/VersionControl/GitHub/UMS_Project/UMS_Project/Content/Blueprints/Saving/MyGameInstance.uasset" 203
"E:/VersionControl/GitHub/UMS_Project/UMS_Project/Content/Blueprints/Components/InventoryComponent.uasset" 204
"E:/VersionControl/GitHub/UMS_Project/UMS_Project/Content/Blueprints/Widgets/PauseMenu.uasset" 205
"../../../Engine/Content/EngineResources/WhiteSquareTexture.uasset" 206
"E:/VersionControl/GitHub/UMS_Project/UMS_Project/Content/Blueprints/Widgets/WBP_HUD.uasset" 207
"E:/VersionControl/GitHub/UMS_Project/UMS_Project/Content/Models/Sprites/FrontIdle.uasset" 208
"E:/VersionControl/GitHub/UMS_Project/UMS_Project/Content/Models/Sprites/FrontIdle_Flipbook.uasset" 209
"../../Plugins/2D/Paper2D/Content/PlaceholderTextures/DummySpriteTexture.uasset" 210
"../../Plugins/2D/Paper2D/Content/PlaceholderTextures/FlatNormalMap.uasset" 211
"../../Plugins/2D/Paper2D/Content/DefaultLitSpriteMaterial.uasset" 212
"../../Plugins/2D/Paper2D/Content/MaskedLitSpriteMaterial.uasset" 213
"E:/VersionControl/GitHub/UMS_Project/UMS_Project/Content/Models/Sprites/knight_iso_char_Sprite_31.uasset" 214
"E:/VersionControl/GitHub/UMS_Project/UMS_Project/Content/Models/Sprites/SpriteAnimation/BackIdleAnim.uasset" 215
"E:/VersionControl/GitHub/UMS_Project/UMS_Project/Content/Models/Sprites/knight_iso_char_Sprite_10.uasset" 216
"E:/VersionControl/GitHub/UMS_Project/UMS_Project/Content/Models/Sprites/knight_iso_char_Sprite_11.uasset" 217
"E:/VersionControl/GitHub/UMS_Project/UMS_Project/Content/Models/Sprites/knight_iso_char_Sprite_12.uasset" 218
"E:/VersionControl/GitHub/UMS_Project/UMS_Project/Content/Models/Sprites/SpriteAnimation/BackRun.uasset" 219
"E:/VersionControl/GitHub/UMS_Project/UMS_Project/Content/Models/Sprites/SpriteAnimation/FrontIdleAnim.uasset" 220
"E:/VersionControl/GitHub/UMS_Project/UMS_Project/Content/Models/Sprites/knight_iso_char_Sprite_4.uasset" 221
"E:/VersionControl/GitHub/UMS_Project/UMS_Project/Content/Models/Sprites/knight_iso_char_Sprite_5.uasset" 222
"E:/VersionControl/GitHub/UMS_Project/UMS_Project/Content/Models/Sprites/knight_iso_char_Sprite_6.uasset" 223
"E:/VersionControl/GitHub/UMS_Project/UMS_Project/Content/Models/Sprites/knight_iso_char_Sprite_7.uasset" 224
"E:/VersionControl/GitHub/UMS_Project/UMS_Project/Content/Models/Sprites/knight_iso_char_Sprite_8.uasset" 225
"E:/VersionControl/GitHub/UMS_Project/UMS_Project/Content/Models/Sprites/SpriteAnimation/FrontRun.uasset" 226
"E:/VersionControl/GitHub/UMS_Project/UMS_Project/Content/Models/Sprites/LeftIdle.uasset" 227
"E:/VersionControl/GitHub/UMS_Project/UMS_Project/Content/Models/Sprites/SpriteAnimation/LeftIdleAnim.uasset" 228
"E:/VersionControl/GitHub/UMS_Project/UMS_Project/Content/Models/Sprites/knight_iso_char_Sprite_22.uasset" 229
"E:/VersionControl/GitHub/UMS_Project/UMS_Project/Content/Models/Sprites/knight_iso_char_Sprite_24.uasset" 230
"E:/VersionControl/GitHub/UMS_Project/UMS_Project/Content/Models/Sprites/knight_iso_char_Sprite_26.uasset" 231
"E:/VersionControl/GitHub/UMS_Project/UMS_Project/Content/Models/Sprites/knight_iso_char_Sprite_27.uasset" 232
"E:/VersionControl/GitHub/UMS_Project/UMS_Project/Content/Models/Sprites/SpriteAnimation/LeftWalkAnim.uasset" 233
"E:/VersionControl/GitHub/UMS_Project/UMS_Project/Content/Models/Sprites/RightIdle.uasset" 234
"E:/VersionControl/GitHub/UMS_Project/UMS_Project/Content/Models/Sprites/SpriteAnimation/RightIdleAnim.uasset" 235
"E:/VersionControl/GitHub/UMS_Project/UMS_Project/Content/Models/Sprites/knight_iso_char_Sprite_15.uasset" 236
"E:/VersionControl/GitHub/UMS_Project/UMS_Project/Content/Models/Sprites/knight_iso_char_Sprite_17.uasset" 237
"E:/VersionControl/GitHub/UMS_Project/UMS_Project/Content/Models/Sprites/knight_iso_char_Sprite_19.uasset" 238
"E:/VersionControl/GitHub/UMS_Project/UMS_Project/Content/Models/Sprites/knight_iso_char_Sprite_20.uasset" 239
"E:/VersionControl/GitHub/UMS_Project/UMS_Project/Content/Models/Sprites/SpriteAnimation/RightWalkAnim.uasset" 240
"E:/VersionControl/GitHub/UMS_Project/UMS_Project/Content/Sounds/500727__simoneyoh3998__sound-of-the-walk.uasset" 241
"E:/VersionControl/GitHub/UMS_Project/UMS_Project/Content/Blueprints/ThirdPersonCharacter.uasset" 242
"E:/VersionControl/GitHub/UMS_Project/UMS_Project/Content/StarterContent/ThirdPersonBP/Blueprints/ThirdPersonGameMode.uasset" 243
"E:/VersionControl/GitHub/UMS_Project/UMS_Project/Content/StarterMaterials/Textures/T_Fabric2.uasset" 244
"E:/VersionControl/GitHub/UMS_Project/UMS_Project/Content/StarterMaterials/Textures/T_Fabric2NM.uasset" 245
"E:/VersionControl/GitHub/UMS_Project/UMS_Project/Content/StarterMaterials/Textures/T_Gravel1.uasset" 246
"E:/VersionControl/GitHub/UMS_Project/UMS_Project/Content/StarterMaterials/Textures/T_Gravel1NM.uasset" 247
"E:/VersionControl/GitHub/UMS_Project/UMS_Project/Content/StarterMaterials/Materials/gravel.uasset" 248
"../../../Engine/Content/Animation/DefaultAnimCurveCompressionSettings.uasset" 249
"../../../Engine/Content/EngineMaterials/WorldGridMaterial.uasset" 250
"../../../Engine/Content/ArtTools/RenderToTexture/Meshes/S_1_Unit_Plane.uasset" 251
"../../../Engine/Content/BasicShapes/Plane.uasset" 252
"../../../Engine/Content/EditorLandscapeResources/DataLayer.uasset" 253
"../../../Engine/Content/EditorMaterials/MAT_Groups_Toggle.uasset" 254
"../../../Engine/Content/EditorMaterials/MAT_Groups_Visibility.uasset" 255
"../../../Engine/Content/EditorMaterials/PreviewShadowIndicator.uasset" 256
"../../../Engine/Content/EditorMaterials/PreviewShadowIndicatorMaterial.uasset" 257
"../../../Engine/Content/EditorMaterials/MatineeGroups/MAT_ColorTrack.uasset" 258
"../../../Engine/Content/EditorMaterials/MatineeGroups/MAT_Groups_Anim.uasset" 259
"../../../Engine/Content/EditorMaterials/MatineeGroups/MAT_Groups_AudioMaster.uasset" 260
"../../../Engine/Content/EditorMaterials/MatineeGroups/MAT_Groups_Director.uasset" 261
"../../../Engine/Content/EditorMaterials/MatineeGroups/MAT_Groups_Event.uasset" 262
"../../../Engine/Content/EditorMaterials/MatineeGroups/MAT_Groups_Fade.uasset" 263
"../../../Engine/Content/EditorMaterials/MatineeGroups/MAT_Groups_Float.uasset" 264
"../../../Engine/Content/EditorMaterials/MatineeGroups/MAT_Groups_Move.uasset" 265
"../../../Engine/Content/EditorMaterials/MatineeGroups/MAT_Groups_Slomo.uasset" 266
"../../../Engine/Content/EditorMaterials/MatineeGroups/MAT_Groups_Sound.uasset" 267
"../../../Engine/Content/EditorMaterials/MatineeGroups/MAT_Groups_Vector.uasset" 268
"../../../Engine/Content/EditorMaterials/ParticleSystems/PSysThumbnail_NoImage.uasset" 269
"../../../Engine/Content/EditorMaterials/ParticleSystems/PSysThumbnail_OOD.uasset" 270
"../../../Engine/Content/EditorMaterials/Camera/CineMat.uasset" 271
"../../../Engine/Content/EditorMaterials/Camera/MI_CineMat_Rig.uasset" 272
"../../../Engine/Content/EditorMeshes/Camera/SM_CraneRig_Arm.uasset" 273
"../../../Engine/Content/EditorMeshes/Camera/SM_CraneRig_Base.uasset" 274
"../../../Engine/Content/EditorMeshes/Camera/SM_CraneRig_Body.uasset" 275
"../../../Engine/Content/EditorMeshes/Camera/SM_CraneRig_Mount.uasset" 276
"../../../Engine/Content/EditorMeshes/Camera/SM_RailRig_Mount.uasset" 277
"../../../Engine/Content/EditorMeshes/Camera/SM_RailRig_Track.uasset" 278
"../../../Engine/Content/EditorResources/BSPVertex.uasset" 279
"../../../Engine/Content/EditorResources/EmptyActor.uasset" 280
"../../../Engine/Content/EditorResources/S_Actor.uasset" 281
"../../../Engine/Content/EditorResources/S_Note.uasset" 282
"../../../Engine/Content/EditorResources/S_Solver.uasset" 283
"../../../Engine/Content/EditorResources/S_Trigger.uasset" 284
"../../../Engine/Content/EditorResources/LightIcons/S_LightError.uasset" 285
"../../../Engine/Content/EditorResources/SequenceRecorder/Countdown.uasset" 286
"../../../Engine/Content/EditorResources/SequenceRecorder/RecordingIndicator.uasset" 287
"../../../Engine/Content/EditorSounds/Notifications/CompileFailed.uasset" 288
"../../../Engine/Content/EditorSounds/Notifications/CompileFailed_Cue.uasset" 289
"../../../Engine/Content/EditorSounds/Notifications/CompileSuccess.uasset" 290
"../../../Engine/Content/EditorSounds/Notifications/CompileStart_Cue.uasset" 291
"../../../Engine/Content/EditorSounds/Notifications/CompileSuccess_Cue.uasset" 292
"../../../Engine/Content/EngineDamageTypes/DmgTypeBP_Environmental.uasset" 293
"../../../Engine/Content/EngineDebugMaterials/DebugEditorMaterial.uasset" 294
"../../../Engine/Content/EngineDebugMaterials/DebugMeshMaterial.uasset" 295
"../../../Engine/Content/EngineDebugMaterials/M_SimpleTranslucent.uasset" 296
"../../../Engine/Content/Functions/Engine_MaterialFunctions02/Utility/CameraDirectionVector.uasset" 297
"../../../Engine/Content/EngineDebugMaterials/VolumeToRender.uasset" 298
"../../../Engine/Content/EngineDebugMaterials/M_VolumeRenderSphereTracePP.uasset" 299
"../../../Engine/Content/EngineDebugMaterials/WireframeMaterial.uasset" 300
"../../../Engine/Content/EngineFonts/Faces/DroidSansFallback.uasset" 301
"../../../Engine/Content/EngineFonts/Faces/RobotoBold.uasset" 302
"../../../Engine/Content/EngineFonts/Faces/RobotoBoldItalic.uasset" 303
"../../../Engine/Content/EngineFonts/Faces/RobotoItalic.uasset" 304
"../../../Engine/Content/EngineFonts/Faces/RobotoLight.uasset" 305
"../../../Engine/Content/EngineFonts/Faces/RobotoRegular.uasset" 306
"../../../Engine/Content/EngineFonts/Roboto.uasset" 307
"../../../Engine/Content/EngineMaterials/BaseFlattenDiffuseMap.uasset" 308
"../../../Engine/Content/EngineMaterials/BaseFlattenEmissiveMap.uasset" 309
"../../../Engine/Content/EngineMaterials/BaseFlattenGrayscaleMap.uasset" 310
"../../../Engine/Content/EngineMaterials/BaseFlattenNormalMap.uasset" 311
"../../../Engine/Content/EngineMaterials/BaseFlattenMaterial.uasset" 312
"../../../Engine/Content/EngineMaterials/BlueNoise.uasset" 313
"../../../Engine/Content/EngineMaterials/DefaultBloomKernel.uasset" 314
"../../../Engine/Content/EngineMaterials/DefaultBokeh.uasset" 315
"../../../Engine/Content/EngineMaterials/DefaultDeferredDecalMaterial.uasset" 316
"../../../Engine/Content/EngineMaterials/DefaultLightFunctionMaterial.uasset" 317
"../../../Engine/Content/Functions/Engine_MaterialFunctions02/Utility/BreakOutFloat2Components.uasset" 318
"../../../Engine/Content/EngineMaterials/DefaultPostProcessMaterial.uasset" 319
"../../../Engine/Content/EngineFonts/RobotoDistanceField.uasset" 320
"../../../Engine/Content/EngineMaterials/DefaultTextMaterialOpaque.uasset" 321
"../../../Engine/Content/EngineMaterials/DefaultVirtualTextureMaterial.uasset" 322
"../../../Engine/Content/EngineMaterials/DefaultWhiteGrid.uasset" 323
"../../../Engine/Content/EngineMaterials/DefaultWhiteGrid_Low.uasset" 324
"../../../Engine/Content/EngineMaterials/EmissiveMeshMaterial.uasset" 325
"../../../Engine/Content/EngineMaterials/GizmoMaterial.uasset" 326
"../../../Engine/Content/EngineMaterials/Good64x64TilingNoiseHighFreq.uasset" 327
"../../../Engine/Content/EngineMaterials/HairDefaultMaterial.uasset" 328
"../../../Engine/Content/EngineMaterials/MiniFont.uasset" 329
"../../../Engine/Content/EngineMaterials/InvalidLightmapSettings.uasset" 330
"../../../Engine/Content/EngineMaterials/M_InvalidLightmapSettings.uasset" 331
"../../../Engine/Content/Functions/Engine_MaterialFunctions02/WorldPositionOffset/CameraOffset.uasset" 332
"../../../Engine/Content/EngineMaterials/PhAT_JointLimitMaterial.uasset" 333
"../../../Engine/Content/EngineMaterials/PreintegratedSkinBRDF.uasset" 334
"../../../Engine/Content/EngineMaterials/RemoveSurfaceMaterial.uasset" 335
"../../../Engine/Content/EngineMaterials/WeightMapPlaceholderTexture.uasset" 336
"../../../Engine/Content/EngineMaterials/Widget3DPassThrough.uasset" 337
"../../../Engine/Content/EngineMaterials/Widget3DPassThrough_Masked.uasset" 338
"../../../Engine/Content/EngineMaterials/Widget3DPassThrough_Opaque.uasset" 339
"../../../Engine/Content/EngineMaterials/Widget3DPassThrough_Masked_OneSided.uasset" 340
"../../../Engine/Content/EngineMaterials/Widget3DPassThrough_Opaque_OneSided.uasset" 341
"../../../Engine/Content/EngineMaterials/Widget3DPassThrough_Translucent.uasset" 342
"../../../Engine/Content/EngineMaterials/Widget3DPassThrough_Translucent_OneSided.uasset" 343
"../../../Engine/Content/EngineMeshes/Cylinder.uasset" 344
"../../../Engine/Content/EngineMeshes/Sphere.uasset" 345
"../../../Engine/Content/EngineResources/Black.uasset" 346
"../../../Engine/Content/EngineResources/DefaultTexture.uasset" 347
"../../../Engine/Content/EngineResources/DefaultTextureCube.uasset" 348
"../../../Engine/Content/EngineResources/DefaultVolumeTexture2D.uasset" 349
"../../../Engine/Content/EngineResources/DefaultVolumeTexture.uasset" 350
"../../../Engine/Content/EngineResources/GradientTexture0.uasset" 351
"../../../Engine/Content/EngineSounds/Master.uasset" 352
"../../../Engine/Content/Functions/Engine_MaterialFunctions01/Shading/ConvertFromDiffSpec.uasset" 353
"../../../Engine/Content/Functions/Engine_MaterialFunctions01/Shading/PowerToRoughness.uasset" 354
"../../../Engine/Content/Maps/Templates/Thumbnails/Default.uasset" 355
"../../../Engine/Content/Maps/Templates/Thumbnails/TimeOfDay.uasset" 356
"../../../Engine/Content/Maps/Templates/Thumbnails/VR-Basic.uasset" 357
"../../../Engine/Content/MobileResources/T_MobileControls_texture.uasset" 358
"../../../Engine/Content/MobileResources/T_MobileMenu2.uasset" 359
"../../../Engine/Content/MobileResources/HUD/AnalogHat.uasset" 360
"../../../Engine/Content/MobileResources/HUD/VirtualJoystick_Background.uasset" 361
"../../../Engine/Content/MobileResources/HUD/VirtualJoystick_Thumb.uasset" 362
"../../../Engine/Content/MobileResources/HUD/DefaultVirtualJoysticks.uasset" 363
"../../../Engine/Content/MobileResources/HUD/LeftVirtualJoystickOnly.uasset" 364
"../../../Engine/Content/MobileResources/HUD/MobileHUDButton1_off.uasset" 365
"../../../Engine/Content/MobileResources/HUD/MobileHUDButton1_on.uasset" 366
"../../../Engine/Content/MobileResources/HUD/MobileHUDButton2_off.uasset" 367
"../../../Engine/Content/MobileResources/HUD/MobileHUDButton2_on.uasset" 368
"../../../Engine/Content/MobileResources/HUD/MobileHUDButton3.uasset" 369
"../../../Engine/Content/MobileResources/HUD/MobileHUDButtonFire.uasset" 370
"../../../Engine/Content/MobileResources/HUD/MobileHUDDirectionPad.uasset" 371
"../../../Engine/Content/MobileResources/HUD/MobileHUDDirectionPad2.uasset" 372
"../../../Engine/Content/MobileResources/HUD/MobileHUDDirectionPad3.uasset" 373
"../../../Engine/Content/MobileResources/HUD/MobileHUDDirectionStick.uasset" 374
"../../../Engine/Content/MobileResources/HUD/T_Castle_ThumbstickInner.uasset" 375
"../../../Engine/Content/MobileResources/HUD/T_Castle_ThumbstickOutter.uasset" 376
"../../../Engine/Content/Tutorial/ContentIntroCurve.uasset" 377
"../../../Engine/Content/Tutorial/Basics/LevelEditorAttract.uasset" 378
"../../../Engine/Content/Tutorial/Basics/TutorialAssets/icon_tab_Levels_40x.uasset" 379
"../../../Engine/Content/Tutorial/Basics/LevelEditorOverview.uasset" 380
"../../../Engine/Content/VREditor/LaserPointer/VR_LaserPower_01.uasset" 381
"../../../Engine/Content/VREditor/TransformGizmo/TransformGizmoMaterial.uasset" 382
"../../../Engine/Content/VREditor/TransformGizmo/TranslucentTransformGizmoMaterial.uasset" 383
"../../../Engine/Content/VREditor/TransformGizmo/BoundingBoxCorner.uasset" 384
"../../../Engine/Content/VREditor/TransformGizmo/BoundingBoxEdge.uasset" 385
"../../../Engine/Content/VREditor/TransformGizmo/PlaneTranslationHandle.uasset" 386
"../../../Engine/Content/VREditor/TransformGizmo/Main.uasset" 387
"../../../Engine/Content/VREditor/TransformGizmo/Xray.uasset" 388
"../../../Engine/Content/VREditor/TransformGizmo/SM_Sequencer_Key.uasset" 389
"../../../Engine/Content/VREditor/TransformGizmo/SM_Sequencer_Node.uasset" 390
"../../Plugins/2D/Paper2D/Content/DummySprite.uasset" 391
"../../Plugins/2D/Paper2D/Content/DefaultPaperTerrainMaterial.uasset" 392
"../../Plugins/2D/Paper2D/Content/DummySpriteTexture.uasset" 393
"../../Plugins/2D/Paper2D/Content/DefaultSpriteMaterial.uasset" 394
"../../Plugins/2D/Paper2D/Content/MaskedUnlitSpriteMaterial.uasset" 395
"../../Plugins/2D/Paper2D/Content/OpaqueUnlitSpriteMaterial.uasset" 396
"../../../Engine/Content/Functions/Engine_MaterialFunctions02/Utility/BreakOutFloat4Components.uasset" 397
"../../Plugins/Runtime/Oculus/OculusVR/Content/Materials/OculusMR_ChromaKey.uasset" 398
"../../Plugins/Runtime/Oculus/OculusVR/Content/Materials/OculusMR_ChromaKey_Lit.uasset" 399
"../../Plugins/Runtime/Oculus/OculusVR/Content/Materials/OculusMR_OpaqueColoredMaterial.uasset" 400
"../../Plugins/Runtime/Oculus/OculusVR/Content/Materials/OculusMR_WhiteMaterial.uasset" 401
"../../../Engine/Content/EngineSky/C_Sky_Cloud_Color.uasset" 402
"../../../Engine/Content/EngineSky/C_Sky_Horizon_Color.uasset" 403
"../../../Engine/Content/EngineSky/C_Sky_Zenith_Color.uasset" 404
"../../../Engine/Content/EngineSky/T_Sky_Blue.uasset" 405
"../../../Engine/Content/EngineSky/T_Sky_Clouds_M.uasset" 406
"../../../Engine/Content/EngineSky/T_Sky_Stars.uasset" 407
"../../../Engine/Content/EngineSky/M_Sky_Panning_Clouds2.uasset" 408
"../../../Engine/Content/EngineSky/SM_SkySphere.uasset" 409
"../../../Engine/Content/EngineSky/BP_Sky_Sphere.uasset" 410
"E:/VersionControl/GitHub/UMS_Project/UMS_Project/Content/Models/Materials/colors/black.uasset" 411
"E:/VersionControl/GitHub/UMS_Project/UMS_Project/Content/Models/Materials/colors/keypad.uasset" 412
"E:/VersionControl/GitHub/UMS_Project/UMS_Project/Content/Models/Materials/colors/wall.uasset" 413
"../../../Engine/Content/BasicShapes/Cube.uasset" 414
"E:/VersionControl/GitHub/UMS_Project/UMS_Project/Content/Blueprints/doorways/doorway.uasset" 415
"E:/VersionControl/GitHub/UMS_Project/UMS_Project/Content/Levels/dustinstestlevel_BuiltData.uasset" 416
"E:/VersionControl/GitHub/UMS_Project/UMS_Project/Content/StarterMaterials/Textures/T_Fabric1.uasset" 417
"E:/VersionControl/GitHub/UMS_Project/UMS_Project/Content/Models/Materials/colors/black_carpet.uasset" 418
"../../../Engine/Content/EngineMaterials/DefaultPhysicalMaterial.uasset" 419
"E:/VersionControl/GitHub/UMS_Project/UMS_Project/Content/Models/MaterialLayers/ROOM_1.uasset" 420
"E:/VersionControl/GitHub/UMS_Project/UMS_Project/Content/Models/MaterialLayers/Room_1_interior.uasset" 421
"E:/VersionControl/GitHub/UMS_Project/UMS_Project/Content/Levels/dustinstestlevel.umap" 422
"E:/VersionControl/GitHub/UMS_Project/UMS_Project/Content/Blueprints/Widgets/Options.uasset" 423
"E:/VersionControl/GitHub/UMS_Project/UMS_Project/Content/Blueprints/Widgets/MainMenu.uasset" 424
"E:/VersionControl/GitHub/UMS_Project/UMS_Project/Content/Levels/MainMenu.umap" 425
"E:/VersionControl/GitHub/UMS_Project/UMS_Project/Content/Blueprints/DamagePlayer.uasset" 426
"../../../Engine/Content/Functions/Engine_MaterialFunctions02/Fresnel_Function.uasset" 427
"E:/VersionControl/GitHub/UMS_Project/UMS_Project/Content/Models/Materials/Glass.uasset" 428
"E:/VersionControl/GitHub/UMS_Project/UMS_Project/Content/Models/Materials/HealthLiquidMaterial.uasset" 429
"E:/VersionControl/GitHub/UMS_Project/UMS_Project/Content/Models/Materials/Red.uasset" 430
"E:/VersionControl/GitHub/UMS_Project/UMS_Project/Content/Models/Megascans/Surfaces/Dirty_Metal_00/rmmodbdp_8K_Roughness.uasset" 431
"E:/VersionControl/GitHub/UMS_Project/UMS_Project/Content/Models/Megascans/Surfaces/Dirty_Metal_00/Dirty_Metal_00_inst.uasset" 432
"../../../Engine/Content/BasicShapes/Cone.uasset" 433
"../../../Engine/Content/BasicShapes/Cylinder.uasset" 434
"E:/VersionControl/GitHub/UMS_Project/UMS_Project/Content/Blueprints/Pickups/HealthPickup.uasset" 435
"E:/VersionControl/GitHub/UMS_Project/UMS_Project/Content/Levels/World_BuiltData.uasset" 436
"E:/VersionControl/GitHub/UMS_Project/UMS_Project/Content/Models/Materials/Meshes/CubeMaterial.uasset" 437
"E:/VersionControl/GitHub/UMS_Project/UMS_Project/Content/Models/Materials/Meshes/1M_Cube.uasset" 438
"E:/VersionControl/GitHub/UMS_Project/UMS_Project/Content/Models/Materials/Meshes/1M_Cube_Chamfer.uasset" 439
"E:/VersionControl/GitHub/UMS_Project/UMS_Project/Content/Models/Materials/Meshes/RampMaterial.uasset" 440
"E:/VersionControl/GitHub/UMS_Project/UMS_Project/Content/Models/Materials/Meshes/Bump_StaticMesh.uasset" 441
"E:/VersionControl/GitHub/UMS_Project/UMS_Project/Content/Models/Materials/Meshes/LeftArm_StaticMesh.uasset" 442
"E:/VersionControl/GitHub/UMS_Project/UMS_Project/Content/Models/Materials/Meshes/Linear_Stair_StaticMesh.uasset" 443
"E:/VersionControl/GitHub/UMS_Project/UMS_Project/Content/Models/Materials/Meshes/Ramp_StaticMesh.uasset" 444
"E:/VersionControl/GitHub/UMS_Project/UMS_Project/Content/Models/Materials/Meshes/RightArm_StaticMesh.uasset" 445
"E:/VersionControl/GitHub/UMS_Project/UMS_Project/Content/Models/Materials/Meshes/TemplateFloor.uasset" 446
"E:/VersionControl/GitHub/UMS_Project/UMS_Project/Content/Models/Megascans/3D_Assets/Red_Crayon_00/Red_Crayon_00_inst.uasset" 447
"E:/VersionControl/GitHub/UMS_Project/UMS_Project/Content/Models/Megascans/3D_Assets/Red_Crayon_00/ue4icjnjw_LOD0.uasset" 448
"E:/VersionControl/GitHub/UMS_Project/UMS_Project/Content/Levels/World.umap" 449
"E:/VersionControl/GitHub/UMS_Project/UMS_Project/Content/StarterContent/ThirdPersonBP/Maps/ThirdPersonExampleMap_BuiltData.uasset" 450
"E:/VersionControl/GitHub/UMS_Project/UMS_Project/Content/StarterContent/Geometry/Meshes/CubeMaterial.uasset" 451
"E:/VersionControl/GitHub/UMS_Project/UMS_Project/Content/StarterContent/Geometry/Meshes/1M_Cube.uasset" 452
"E:/VersionControl/GitHub/UMS_Project/UMS_Project/Content/StarterContent/Geometry/Meshes/1M_Cube_Chamfer.uasset" 453
"E:/VersionControl/GitHub/UMS_Project/UMS_Project/Content/StarterContent/Geometry/Meshes/TemplateFloor.uasset" 454
"E:/VersionControl/GitHub/UMS_Project/UMS_Project/Content/StarterContent/ThirdPerson/Meshes/RampMaterial.uasset" 455
"E:/VersionControl/GitHub/UMS_Project/UMS_Project/Content/StarterContent/ThirdPerson/Meshes/Bump_StaticMesh.uasset" 456
"E:/VersionControl/GitHub/UMS_Project/UMS_Project/Content/StarterContent/ThirdPerson/Meshes/LeftArm_StaticMesh.uasset" 457
"E:/VersionControl/GitHub/UMS_Project/UMS_Project/Content/StarterContent/ThirdPerson/Meshes/Linear_Stair_StaticMesh.uasset" 458
"E:/VersionControl/GitHub/UMS_Project/UMS_Project/Content/StarterContent/ThirdPerson/Meshes/Ramp_StaticMesh.uasset" 459
"E:/VersionControl/GitHub/UMS_Project/UMS_Project/Content/StarterContent/ThirdPerson/Meshes/RightArm_StaticMesh.uasset" 460
"E:/VersionControl/GitHub/UMS_Project/UMS_Project/Content/StarterContent/ThirdPersonBP/Maps/ThirdPersonExampleMap.umap" 461
"E:/VersionControl/GitHub/UMS_Project/UMS_Project/Content/StarterMaterials/Maps/Showcase_BuiltData.uasset" 462
"../../../Engine/Content/Functions/Engine_MaterialFunctions02/Texturing/CustomRotator.uasset" 463
"E:/VersionControl/GitHub/UMS_Project/UMS_Project/Content/StarterMaterials/Textures/T_Brick1.uasset" 464
"E:/VersionControl/GitHub/UMS_Project/UMS_Project/Content/StarterMaterials/Textures/T_Brick1AO.uasset" 465
"E:/VersionControl/GitHub/UMS_Project/UMS_Project/Content/StarterMaterials/Textures/T_Brick1height.uasset" 466
"E:/VersionControl/GitHub/UMS_Project/UMS_Project/Content/StarterMaterials/Textures/T_Brick1NM.uasset" 467
"E:/VersionControl/GitHub/UMS_Project/UMS_Project/Content/StarterMaterials/Materials/M_Brick.uasset" 468
"E:/VersionControl/GitHub/UMS_Project/UMS_Project/Content/StarterMaterials/Materials/M_Brick1_Inst.uasset" 469
"E:/VersionControl/GitHub/UMS_Project/UMS_Project/Content/StarterMaterials/Textures/T_Brick2.uasset" 470
"E:/VersionControl/GitHub/UMS_Project/UMS_Project/Content/StarterMaterials/Textures/T_Brick2AO.uasset" 471
"E:/VersionControl/GitHub/UMS_Project/UMS_Project/Content/StarterMaterials/Textures/T_Brick2NM.uasset" 472
"E:/VersionControl/GitHub/UMS_Project/UMS_Project/Content/StarterMaterials/Materials/M_Brick2_Inst.uasset" 473
"E:/VersionControl/GitHub/UMS_Project/UMS_Project/Content/StarterMaterials/Textures/T_Fabric1AO.uasset" 474
"E:/VersionControl/GitHub/UMS_Project/UMS_Project/Content/StarterMaterials/Textures/T_Fabric1height.uasset" 475
"E:/VersionControl/GitHub/UMS_Project/UMS_Project/Content/StarterMaterials/Textures/T_Fabric1NM.uasset" 476
"E:/VersionControl/GitHub/UMS_Project/UMS_Project/Content/StarterMaterials/Materials/M_Fabric1_Inst.uasset" 477
"E:/VersionControl/GitHub/UMS_Project/UMS_Project/Content/StarterMaterials/Textures/T_Fabric2AO.uasset" 478
"E:/VersionControl/GitHub/UMS_Project/UMS_Project/Content/StarterMaterials/Textures/T_Fabric2height.uasset" 479
"E:/VersionControl/GitHub/UMS_Project/UMS_Project/Content/StarterMaterials/Materials/M_Fabric2_Inst.uasset" 480
"E:/VersionControl/GitHub/UMS_Project/UMS_Project/Content/StarterMaterials/Textures/T_Fabric3.uasset" 481
"E:/VersionControl/GitHub/UMS_Project/UMS_Project/Content/StarterMaterials/Textures/T_Fabric3AO.uasset" 482
"E:/VersionControl/GitHub/UMS_Project/UMS_Project/Content/StarterMaterials/Textures/T_Fabric3height.uasset" 483
"E:/VersionControl/GitHub/UMS_Project/UMS_Project/Content/StarterMaterials/Textures/T_Fabric3NM.uasset" 484
"E:/VersionControl/GitHub/UMS_Project/UMS_Project/Content/StarterMaterials/Materials/M_Fabric3_Inst.uasset" 485
"E:/VersionControl/GitHub/UMS_Project/UMS_Project/Content/StarterMaterials/Textures/T_Fabric4.uasset" 486
"E:/VersionControl/GitHub/UMS_Project/UMS_Project/Content/StarterMaterials/Textures/T_Fabric4AO.uasset" 487
"E:/VersionControl/GitHub/UMS_Project/UMS_Project/Content/StarterMaterials/Textures/T_Fabric4height.uasset" 488
"E:/VersionControl/GitHub/UMS_Project/UMS_Project/Content/StarterMaterials/Textures/T_Fabric4NM.uasset" 489
"E:/VersionControl/GitHub/UMS_Project/UMS_Project/Content/StarterMaterials/Materials/M_Fabric4_Inst.uasset" 490
"E:/VersionControl/GitHub/UMS_Project/UMS_Project/Content/StarterMaterials/Textures/T_Gravel1AO.uasset" 491
"E:/VersionControl/GitHub/UMS_Project/UMS_Project/Content/StarterMaterials/Textures/T_Gravel1height.uasset" 492
"E:/VersionControl/GitHub/UMS_Project/UMS_Project/Content/StarterMaterials/Materials/M_Gravel.uasset" 493
"E:/VersionControl/GitHub/UMS_Project/UMS_Project/Content/StarterMaterials/Materials/M_Gravel1_Inst.uasset" 494
"E:/VersionControl/GitHub/UMS_Project/UMS_Project/Content/StarterMaterials/Textures/T_Gravel2.uasset" 495
"E:/VersionControl/GitHub/UMS_Project/UMS_Project/Content/StarterMaterials/Textures/T_Gravel2AO.uasset" 496
"E:/VersionControl/GitHub/UMS_Project/UMS_Project/Content/StarterMaterials/Textures/T_Gravel2height.uasset" 497
"E:/VersionControl/GitHub/UMS_Project/UMS_Project/Content/StarterMaterials/Textures/T_Gravel2NM.uasset" 498
"E:/VersionControl/GitHub/UMS_Project/UMS_Project/Content/StarterMaterials/Materials/M_Gravel2_Inst.uasset" 499
"E:/VersionControl/GitHub/UMS_Project/UMS_Project/Content/StarterMaterials/Textures/T_Gravel3.uasset" 500
"E:/VersionControl/GitHub/UMS_Project/UMS_Project/Content/StarterMaterials/Textures/T_Gravel3AO.uasset" 501
"E:/VersionControl/GitHub/UMS_Project/UMS_Project/Content/StarterMaterials/Textures/T_Gravel3height.uasset" 502
"E:/VersionControl/GitHub/UMS_Project/UMS_Project/Content/StarterMaterials/Textures/T_Gravel3NM.uasset" 503
"E:/VersionControl/GitHub/UMS_Project/UMS_Project/Content/StarterMaterials/Materials/M_Gravel3_Inst.uasset" 504
"E:/VersionControl/GitHub/UMS_Project/UMS_Project/Content/StarterMaterials/Textures/T_Metal1.uasset" 505
"E:/VersionControl/GitHub/UMS_Project/UMS_Project/Content/StarterMaterials/Textures/T_Metal1AO.uasset" 506
"E:/VersionControl/GitHub/UMS_Project/UMS_Project/Content/StarterMaterials/Textures/T_Metal1height.uasset" 507
"E:/VersionControl/GitHub/UMS_Project/UMS_Project/Content/StarterMaterials/Textures/T_Metal1NM.uasset" 508
"E:/VersionControl/GitHub/UMS_Project/UMS_Project/Content/StarterMaterials/Materials/M_Metal.uasset" 509
"E:/VersionControl/GitHub/UMS_Project/UMS_Project/Content/StarterMaterials/Materials/M_Metal1_Inst.uasset" 510
"E:/VersionControl/GitHub/UMS_Project/UMS_Project/Content/StarterMaterials/Textures/T_Metal2.uasset" 511
"E:/VersionControl/GitHub/UMS_Project/UMS_Project/Content/StarterMaterials/Textures/T_Metal2AO.uasset" 512
"E:/VersionControl/GitHub/UMS_Project/UMS_Project/Content/StarterMaterials/Textures/T_Metal2height.uasset" 513
"E:/VersionControl/GitHub/UMS_Project/UMS_Project/Content/StarterMaterials/Textures/T_Metal2NM.uasset" 514
"E:/VersionControl/GitHub/UMS_Project/UMS_Project/Content/StarterMaterials/Materials/M_Metal2_Inst.uasset" 515
"E:/VersionControl/GitHub/UMS_Project/UMS_Project/Content/StarterMaterials/Textures/T_Metal3.uasset" 516
"E:/VersionControl/GitHub/UMS_Project/UMS_Project/Content/StarterMaterials/Textures/T_Metal3AO.uasset" 517
"E:/VersionControl/GitHub/UMS_Project/UMS_Project/Content/StarterMaterials/Textures/T_Metal3height.uasset" 518
"E:/VersionControl/GitHub/UMS_Project/UMS_Project/Content/StarterMaterials/Textures/T_Metal3NM.uasset" 519
"E:/VersionControl/GitHub/UMS_Project/UMS_Project/Content/StarterMaterials/Materials/M_Metal3_Inst.uasset" 520
"E:/VersionControl/GitHub/UMS_Project/UMS_Project/Content/StarterMaterials/Textures/T_Metal4.uasset" 521
"E:/VersionControl/GitHub/UMS_Project/UMS_Project/Content/StarterMaterials/Textures/T_Metal4AO.uasset" 522
"E:/VersionControl/GitHub/UMS_Project/UMS_Project/Content/StarterMaterials/Textures/T_Metal4height.uasset" 523
"E:/VersionControl/GitHub/UMS_Project/UMS_Project/Content/StarterMaterials/Textures/T_Metal4NM.uasset" 524
"E:/VersionControl/GitHub/UMS_Project/UMS_Project/Content/StarterMaterials/Materials/M_Metal4_Inst.uasset" 525
"E:/VersionControl/GitHub/UMS_Project/UMS_Project/Content/StarterMaterials/Textures/T_Metal5.uasset" 526
"E:/VersionControl/GitHub/UMS_Project/UMS_Project/Content/StarterMaterials/Textures/T_Metal5AO.uasset" 527
"E:/VersionControl/GitHub/UMS_Project/UMS_Project/Content/StarterMaterials/Textures/T_Metal5height.uasset" 528
"E:/VersionControl/GitHub/UMS_Project/UMS_Project/Content/StarterMaterials/Textures/T_Metal5NM.uasset" 529
"E:/VersionControl/GitHub/UMS_Project/UMS_Project/Content/StarterMaterials/Materials/M_Metal5_Inst.uasset" 530
"E:/VersionControl/GitHub/UMS_Project/UMS_Project/Content/StarterMaterials/Textures/T_Metal6.uasset" 531
"E:/VersionControl/GitHub/UMS_Project/UMS_Project/Content/StarterMaterials/Textures/T_Metal6AO.uasset" 532
"E:/VersionControl/GitHub/UMS_Project/UMS_Project/Content/StarterMaterials/Textures/T_Metal6height.uasset" 533
"E:/VersionControl/GitHub/UMS_Project/UMS_Project/Content/StarterMaterials/Textures/T_Metal6NM.uasset" 534
"E:/VersionControl/GitHub/UMS_Project/UMS_Project/Content/StarterMaterials/Materials/M_Metal6_Inst.uasset" 535
"E:/VersionControl/GitHub/UMS_Project/UMS_Project/Content/StarterMaterials/Textures/T_Tile1.uasset" 536
"E:/VersionControl/GitHub/UMS_Project/UMS_Project/Content/StarterMaterials/Textures/T_Tile1AO.uasset" 537
"E:/VersionControl/GitHub/UMS_Project/UMS_Project/Content/StarterMaterials/Textures/T_Tile1height.uasset" 538
"E:/VersionControl/GitHub/UMS_Project/UMS_Project/Content/StarterMaterials/Textures/T_Tile1NM.uasset" 539
"E:/VersionControl/GitHub/UMS_Project/UMS_Project/Content/StarterMaterials/Materials/M_Tile1_Inst.uasset" 540
"E:/VersionControl/GitHub/UMS_Project/UMS_Project/Content/StarterMaterials/Textures/T_Wall1.uasset" 541
"E:/VersionControl/GitHub/UMS_Project/UMS_Project/Content/StarterMaterials/Textures/T_Wall1AO.uasset" 542
"E:/VersionControl/GitHub/UMS_Project/UMS_Project/Content/StarterMaterials/Textures/T_Wall1height.uasset" 543
"E:/VersionControl/GitHub/UMS_Project/UMS_Project/Content/StarterMaterials/Textures/T_Wall1NM.uasset" 544
"E:/VersionControl/GitHub/UMS_Project/UMS_Project/Content/StarterMaterials/Materials/M_Wall1_Inst.uasset" 545
"E:/VersionControl/GitHub/UMS_Project/UMS_Project/Content/StarterMaterials/Textures/T_Wall2.uasset" 546
"E:/VersionControl/GitHub/UMS_Project/UMS_Project/Content/StarterMaterials/Textures/T_Wall2AO.uasset" 547
"E:/VersionControl/GitHub/UMS_Project/UMS_Project/Content/StarterMaterials/Textures/T_Wall2height.uasset" 548
"E:/VersionControl/GitHub/UMS_Project/UMS_Project/Content/StarterMaterials/Textures/T_Wall2NM.uasset" 549
"E:/VersionControl/GitHub/UMS_Project/UMS_Project/Content/StarterMaterials/Materials/M_Wall2_Inst.uasset" 550
"E:/VersionControl/GitHub/UMS_Project/UMS_Project/Content/StarterMaterials/Mesh/SM_Plane.uasset" 551
"E:/VersionControl/GitHub/UMS_Project/UMS_Project/Content/StarterMaterials/Maps/Showcase.umap" 552
"../../../Engine/Content/Maps/Entry_BuiltData.uasset" 553
"../../../Engine/Content/Maps/Entry.umap" 554
